<?xml version="1.0" encoding="UTF-8"?>
<!-- Generated by org.testng.reporters.JUnitXMLReporter -->
<testsuite ignored="0" hostname="DESKTOP-MRJRMLD" failures="1" tests="2" name="Test" time="0.209" errors="0" timestamp="2022-11-07T11:31:09 IST">
  <testcase classname="AssertClass.Soft_assert" name="TC2" time="0.025"/>
  <testcase classname="AssertClass.Soft_assert" name="Tc1" time="0.045">
    <failure type="java.lang.AssertionError" message="The following asserts failed:
	expected [Bye] but found [Hi]">
      <![CDATA[java.lang.AssertionError: The following asserts failed:
expected [Bye] but found [Hi]
at AssertClass.Soft_assert.Tc1(Soft_assert.java:17)
at java.base/java.util.ArrayList.forEach(ArrayList.java:1511)
... Removed 27 stack frames]]>
    </failure>
  </testcase> <!-- Tc1 -->
</testsuite> <!-- Test -->
